0a16fe8fc1204885e468ee1293459c5ffabc344e
Python 3.9.5
Device set to cuda
BLEU score: 26.622785760949533
Predicted: ledamoten har identifierat en sådan typ av europeiska producent vars intressen jag måste ta till orda för
Reference: ledamoten har identifierat en sådan typ av europeiska tillverkare vars intressen jag måste ta hänsyn till
---
Predicted: vi var dock lättade att påpeka vad alla vet vet i detta meddelande till europaparlamentet men vi
Reference: i det meddelandet till europaparlamentet var vi dock förpliktigade att påpeka det som alla redan vet
---
Predicted: siffrorna talar för sig själva och det är en industri där sysselsättningen blir allt fler som andra ledamöter
Reference: som redan andra kolleger har påpekat talar siffrorna sitt tydliga språk detta är en bransch där sysselsättningen växer
---
Predicted: kommissionen bör besvara frågan om huruvida det ickespridningsdirektivet för försäkringsdirektivet i förenade kungariket på ett
Reference: kommissionen bör svara på parlamentets fråga om huruvida förenade kungariket tillämpade direktivet om annan direkt försäkring än livförsäkring vederbörligen
---
Predicted: även denna gång offentliggjordes det första betänkandet om de mänskliga rättigheterna när finland eftersom det var den
Reference: den första rapporten om de mänskliga rättigheterna offentliggjordes när finland precis som denna gång var delaktigt
---
Predicted: jag är övertygad om att det inte är den riktning som pakistans befolkning skulle vilja att
Reference: jag är övertygad om att detta inte är den riktning som det pakistanska folket vill att
---
Predicted: betänkandet av bösch för budgetkontrollutskottet om förslaget till europaparlamentets och rådets förordning om ändring av
Reference: betänkande av bösch för budgetkontrollutskottet om europeiska kommissionens årsrapport om skydd av gemenskapens finansiella intressen och kampen
---
Predicted: när det gäller aceh är kommissionen tillsammans med ordförandeskapet en av de fyra fyra punkter som har
Reference: när det gäller acehprovinsen stod kommissionen tillsammans med ordförandeskapet som en av fyra medordförande för
---
Predicted: i själva verket behandlas det senare i bästa fall som en av de stora debatterna
Reference: den behandlas faktiskt i bästa fall som en biprodukt av den här omfattande diskussionen
---
Predicted: vi kan exportera datorer idrott bilar och en afrikanska expert gav detta exempel genom ett afrikanska expert som gav
Reference: detta sammanfattas exempelvis av en afrikansk sakkunnig på följande sätt vi får tullfritt exportera datorer sportbilar och
---
